<?xml version="1.0" encoding="UTF-8"?>
<testng-results skipped="0" failed="1" total="3" passed="2">
  <reporter-output>
  </reporter-output>
  <suite name="Suite" duration-ms="124034" started-at="2020-06-20T15:16:56Z" finished-at="2020-06-20T15:19:00Z">
    <groups>
    </groups>
    <test name="HomePageValidation" duration-ms="37607" started-at="2020-06-20T15:16:56Z" finished-at="2020-06-20T15:17:33Z">
      <class name="Xen.E2E.HomePageNavigationTest">
        <test-method status="PASS" signature="setup()[pri:0, instance:Xen.E2E.HomePageNavigationTest@44c03695]" name="setup" is-config="true" duration-ms="33453" started-at="2020-06-20T20:46:56Z" finished-at="2020-06-20T20:47:29Z">
          <reporter-output>
          </reporter-output>
        </test-method> <!-- setup -->
        <test-method status="FAIL" signature="txtvalidation()[pri:0, instance:Xen.E2E.HomePageNavigationTest@44c03695]" name="txtvalidation" duration-ms="1371" started-at="2020-06-20T20:47:29Z" finished-at="2020-06-20T20:47:31Z">
          <exception class="java.lang.AssertionError">
            <message>
              <![CDATA[expected [FEATURED COURSES123] but found [FEATURED COURSES]]]>
            </message>
            <full-stacktrace>
              <![CDATA[java.lang.AssertionError: expected [FEATURED COURSES123] but found [FEATURED COURSES]
	at org.testng.Assert.fail(Assert.java:94)
	at org.testng.Assert.failNotEquals(Assert.java:494)
	at org.testng.Assert.assertEquals(Assert.java:123)
	at org.testng.Assert.assertEquals(Assert.java:176)
	at org.testng.Assert.assertEquals(Assert.java:186)
	at Xen.E2E.HomePageNavigationTest.txtvalidation(HomePageNavigationTest.java:45)
	at sun.reflect.NativeMethodAccessorImpl.invoke0(Native Method)
	at sun.reflect.NativeMethodAccessorImpl.invoke(Unknown Source)
	at sun.reflect.DelegatingMethodAccessorImpl.invoke(Unknown Source)
	at java.lang.reflect.Method.invoke(Unknown Source)
	at org.testng.internal.MethodInvocationHelper.invokeMethod(MethodInvocationHelper.java:80)
	at org.testng.internal.Invoker.invokeMethod(Invoker.java:714)
	at org.testng.internal.Invoker.invokeTestMethod(Invoker.java:901)
	at org.testng.internal.Invoker.invokeTestMethods(Invoker.java:1231)
	at org.testng.internal.TestMethodWorker.invokeTestMethods(TestMethodWorker.java:127)
	at org.testng.internal.TestMethodWorker.run(TestMethodWorker.java:111)
	at org.testng.TestRunner.privateRun(TestRunner.java:767)
	at org.testng.TestRunner.run(TestRunner.java:617)
	at org.testng.SuiteRunner.runTest(SuiteRunner.java:334)
	at org.testng.SuiteRunner.runSequentially(SuiteRunner.java:329)
	at org.testng.SuiteRunner.privateRun(SuiteRunner.java:291)
	at org.testng.SuiteRunner.run(SuiteRunner.java:240)
	at org.testng.SuiteRunnerWorker.runSuite(SuiteRunnerWorker.java:52)
	at org.testng.SuiteRunnerWorker.run(SuiteRunnerWorker.java:86)
	at org.testng.TestNG.runSuitesSequentially(TestNG.java:1198)
	at org.testng.TestNG.runSuitesLocally(TestNG.java:1123)
	at org.testng.TestNG.run(TestNG.java:1031)
	at org.testng.remote.AbstractRemoteTestNG.run(AbstractRemoteTestNG.java:132)
	at org.testng.remote.RemoteTestNG.initAndRun(RemoteTestNG.java:230)
	at org.testng.remote.RemoteTestNG.main(RemoteTestNG.java:76)
]]>
            </full-stacktrace>
          </exception> <!-- java.lang.AssertionError -->
          <reporter-output>
          </reporter-output>
        </test-method> <!-- txtvalidation -->
        <test-method status="PASS" signature="teardown()[pri:0, instance:Xen.E2E.HomePageNavigationTest@44c03695]" name="teardown" is-config="true" duration-ms="1424" started-at="2020-06-20T20:47:32Z" finished-at="2020-06-20T20:47:33Z">
          <reporter-output>
          </reporter-output>
        </test-method> <!-- teardown -->
      </class> <!-- Xen.E2E.HomePageNavigationTest -->
    </test> <!-- HomePageValidation -->
    <test name="LogInValidation" duration-ms="86359" started-at="2020-06-20T15:17:34Z" finished-at="2020-06-20T15:19:00Z">
      <class name="Xen.E2E.LoginTest">
        <test-method status="PASS" signature="setup()[pri:0, instance:Xen.E2E.LoginTest@40005471]" name="setup" is-config="true" duration-ms="21007" started-at="2020-06-20T20:47:34Z" finished-at="2020-06-20T20:47:55Z">
          <reporter-output>
          </reporter-output>
        </test-method> <!-- setup -->
        <test-method status="PASS" signature="landingPage(java.lang.String, java.lang.String)[pri:0, instance:Xen.E2E.LoginTest@40005471]" name="landingPage" duration-ms="16677" started-at="2020-06-20T20:47:55Z" data-provider="getdata" finished-at="2020-06-20T20:48:11Z">
          <params>
            <param index="0">
              <value>
                <![CDATA[abc@test.com]]>
              </value>
            </param>
            <param index="1">
              <value>
                <![CDATA[password_09]]>
              </value>
            </param>
          </params>
          <reporter-output>
          </reporter-output>
        </test-method> <!-- landingPage -->
        <test-method status="PASS" signature="teardown()[pri:0, instance:Xen.E2E.LoginTest@40005471]" name="teardown" is-config="true" duration-ms="719" started-at="2020-06-20T20:48:11Z" finished-at="2020-06-20T20:48:12Z">
          <reporter-output>
          </reporter-output>
        </test-method> <!-- teardown -->
        <test-method status="PASS" signature="setup()[pri:0, instance:Xen.E2E.LoginTest@40005471]" name="setup" is-config="true" duration-ms="26125" started-at="2020-06-20T20:48:12Z" finished-at="2020-06-20T20:48:38Z">
          <reporter-output>
          </reporter-output>
        </test-method> <!-- setup -->
        <test-method status="PASS" signature="landingPage(java.lang.String, java.lang.String)[pri:0, instance:Xen.E2E.LoginTest@40005471]" name="landingPage" duration-ms="20230" started-at="2020-06-20T20:48:38Z" data-provider="getdata" finished-at="2020-06-20T20:48:58Z">
          <params>
            <param index="0">
              <value>
                <![CDATA[pqr@test.com]]>
              </value>
            </param>
            <param index="1">
              <value>
                <![CDATA[password_10]]>
              </value>
            </param>
          </params>
          <reporter-output>
          </reporter-output>
        </test-method> <!-- landingPage -->
        <test-method status="PASS" signature="teardown()[pri:0, instance:Xen.E2E.LoginTest@40005471]" name="teardown" is-config="true" duration-ms="1594" started-at="2020-06-20T20:48:58Z" finished-at="2020-06-20T20:49:00Z">
          <reporter-output>
          </reporter-output>
        </test-method> <!-- teardown -->
      </class> <!-- Xen.E2E.LoginTest -->
    </test> <!-- LogInValidation -->
  </suite> <!-- Suite -->
</testng-results>
